<?xml version="1.0" encoding="UTF-8"?>
<testsuite xmlns:xsi="http://www.w3.org/2001/XMLSchema-instance" xsi:noNamespaceSchemaLocation="https://maven.apache.org/surefire/maven-surefire-plugin/xsd/surefire-test-report.xsd" name="mx.uatx.siiaback.SiiaBackApplicationTests" time="8.929" tests="1" errors="0" skipped="0" failures="0">
  <properties>
    <property name="java.specification.version" value="16"/>
    <property name="sun.jnu.encoding" value="UTF-8"/>
    <property name="java.class.path" value="/Users/cesarbm13/Documents/siia-back-base/target/test-classes:/Users/cesarbm13/Documents/siia-back-base/target/classes:/Users/cesarbm13/.m2/repository/org/springframework/boot/spring-boot-starter/2.6.7/spring-boot-starter-2.6.7.jar:/Users/cesarbm13/.m2/repository/org/springframework/boot/spring-boot/2.6.7/spring-boot-2.6.7.jar:/Users/cesarbm13/.m2/repository/org/springframework/spring-context/5.3.19/spring-context-5.3.19.jar:/Users/cesarbm13/.m2/repository/org/springframework/boot/spring-boot-autoconfigure/2.6.7/spring-boot-autoconfigure-2.6.7.jar:/Users/cesarbm13/.m2/repository/org/springframework/boot/spring-boot-starter-logging/2.6.7/spring-boot-starter-logging-2.6.7.jar:/Users/cesarbm13/.m2/repository/ch/qos/logback/logback-classic/1.2.11/logback-classic-1.2.11.jar:/Users/cesarbm13/.m2/repository/ch/qos/logback/logback-core/1.2.11/logback-core-1.2.11.jar:/Users/cesarbm13/.m2/repository/org/apache/logging/log4j/log4j-to-slf4j/2.17.2/log4j-to-slf4j-2.17.2.jar:/Users/cesarbm13/.m2/repository/org/apache/logging/log4j/log4j-api/2.17.2/log4j-api-2.17.2.jar:/Users/cesarbm13/.m2/repository/org/slf4j/jul-to-slf4j/1.7.36/jul-to-slf4j-1.7.36.jar:/Users/cesarbm13/.m2/repository/jakarta/annotation/jakarta.annotation-api/1.3.5/jakarta.annotation-api-1.3.5.jar:/Users/cesarbm13/.m2/repository/org/springframework/spring-core/5.3.19/spring-core-5.3.19.jar:/Users/cesarbm13/.m2/repository/org/springframework/spring-jcl/5.3.19/spring-jcl-5.3.19.jar:/Users/cesarbm13/.m2/repository/org/yaml/snakeyaml/1.29/snakeyaml-1.29.jar:/Users/cesarbm13/.m2/repository/org/springframework/boot/spring-boot-starter-test/2.6.7/spring-boot-starter-test-2.6.7.jar:/Users/cesarbm13/.m2/repository/org/springframework/boot/spring-boot-test/2.6.7/spring-boot-test-2.6.7.jar:/Users/cesarbm13/.m2/repository/org/springframework/boot/spring-boot-test-autoconfigure/2.6.7/spring-boot-test-autoconfigure-2.6.7.jar:/Users/cesarbm13/.m2/repository/com/jayway/jsonpath/json-path/2.6.0/json-path-2.6.0.jar:/Users/cesarbm13/.m2/repository/net/minidev/json-smart/2.4.8/json-smart-2.4.8.jar:/Users/cesarbm13/.m2/repository/net/minidev/accessors-smart/2.4.8/accessors-smart-2.4.8.jar:/Users/cesarbm13/.m2/repository/org/ow2/asm/asm/9.1/asm-9.1.jar:/Users/cesarbm13/.m2/repository/jakarta/xml/bind/jakarta.xml.bind-api/2.3.3/jakarta.xml.bind-api-2.3.3.jar:/Users/cesarbm13/.m2/repository/jakarta/activation/jakarta.activation-api/1.2.2/jakarta.activation-api-1.2.2.jar:/Users/cesarbm13/.m2/repository/org/assertj/assertj-core/3.21.0/assertj-core-3.21.0.jar:/Users/cesarbm13/.m2/repository/org/hamcrest/hamcrest/2.2/hamcrest-2.2.jar:/Users/cesarbm13/.m2/repository/org/junit/jupiter/junit-jupiter/5.8.2/junit-jupiter-5.8.2.jar:/Users/cesarbm13/.m2/repository/org/junit/jupiter/junit-jupiter-api/5.8.2/junit-jupiter-api-5.8.2.jar:/Users/cesarbm13/.m2/repository/org/opentest4j/opentest4j/1.2.0/opentest4j-1.2.0.jar:/Users/cesarbm13/.m2/repository/org/junit/platform/junit-platform-commons/1.8.2/junit-platform-commons-1.8.2.jar:/Users/cesarbm13/.m2/repository/org/apiguardian/apiguardian-api/1.1.2/apiguardian-api-1.1.2.jar:/Users/cesarbm13/.m2/repository/org/junit/jupiter/junit-jupiter-params/5.8.2/junit-jupiter-params-5.8.2.jar:/Users/cesarbm13/.m2/repository/org/junit/jupiter/junit-jupiter-engine/5.8.2/junit-jupiter-engine-5.8.2.jar:/Users/cesarbm13/.m2/repository/org/junit/platform/junit-platform-engine/1.8.2/junit-platform-engine-1.8.2.jar:/Users/cesarbm13/.m2/repository/org/mockito/mockito-core/4.0.0/mockito-core-4.0.0.jar:/Users/cesarbm13/.m2/repository/net/bytebuddy/byte-buddy/1.11.22/byte-buddy-1.11.22.jar:/Users/cesarbm13/.m2/repository/net/bytebuddy/byte-buddy-agent/1.11.22/byte-buddy-agent-1.11.22.jar:/Users/cesarbm13/.m2/repository/org/objenesis/objenesis/3.2/objenesis-3.2.jar:/Users/cesarbm13/.m2/repository/org/mockito/mockito-junit-jupiter/4.0.0/mockito-junit-jupiter-4.0.0.jar:/Users/cesarbm13/.m2/repository/org/skyscreamer/jsonassert/1.5.0/jsonassert-1.5.0.jar:/Users/cesarbm13/.m2/repository/com/vaadin/external/google/android-json/0.0.20131108.vaadin1/android-json-0.0.20131108.vaadin1.jar:/Users/cesarbm13/.m2/repository/org/springframework/spring-test/5.3.19/spring-test-5.3.19.jar:/Users/cesarbm13/.m2/repository/org/xmlunit/xmlunit-core/2.8.4/xmlunit-core-2.8.4.jar:/Users/cesarbm13/.m2/repository/org/springframework/boot/spring-boot-starter-web/2.6.7/spring-boot-starter-web-2.6.7.jar:/Users/cesarbm13/.m2/repository/org/springframework/boot/spring-boot-starter-json/2.6.7/spring-boot-starter-json-2.6.7.jar:/Users/cesarbm13/.m2/repository/com/fasterxml/jackson/datatype/jackson-datatype-jdk8/2.13.2/jackson-datatype-jdk8-2.13.2.jar:/Users/cesarbm13/.m2/repository/com/fasterxml/jackson/datatype/jackson-datatype-jsr310/2.13.2/jackson-datatype-jsr310-2.13.2.jar:/Users/cesarbm13/.m2/repository/com/fasterxml/jackson/module/jackson-module-parameter-names/2.13.2/jackson-module-parameter-names-2.13.2.jar:/Users/cesarbm13/.m2/repository/org/springframework/boot/spring-boot-starter-tomcat/2.6.7/spring-boot-starter-tomcat-2.6.7.jar:/Users/cesarbm13/.m2/repository/org/apache/tomcat/embed/tomcat-embed-core/9.0.62/tomcat-embed-core-9.0.62.jar:/Users/cesarbm13/.m2/repository/org/springframework/spring-web/5.3.19/spring-web-5.3.19.jar:/Users/cesarbm13/.m2/repository/org/springframework/spring-webmvc/5.3.19/spring-webmvc-5.3.19.jar:/Users/cesarbm13/.m2/repository/org/springframework/spring-expression/5.3.19/spring-expression-5.3.19.jar:/Users/cesarbm13/.m2/repository/org/springframework/boot/spring-boot-starter-data-jpa/2.6.7/spring-boot-starter-data-jpa-2.6.7.jar:/Users/cesarbm13/.m2/repository/org/springframework/boot/spring-boot-starter-aop/2.6.7/spring-boot-starter-aop-2.6.7.jar:/Users/cesarbm13/.m2/repository/org/aspectj/aspectjweaver/1.9.7/aspectjweaver-1.9.7.jar:/Users/cesarbm13/.m2/repository/org/springframework/boot/spring-boot-starter-jdbc/2.6.7/spring-boot-starter-jdbc-2.6.7.jar:/Users/cesarbm13/.m2/repository/com/zaxxer/HikariCP/4.0.3/HikariCP-4.0.3.jar:/Users/cesarbm13/.m2/repository/org/springframework/spring-jdbc/5.3.19/spring-jdbc-5.3.19.jar:/Users/cesarbm13/.m2/repository/jakarta/transaction/jakarta.transaction-api/1.3.3/jakarta.transaction-api-1.3.3.jar:/Users/cesarbm13/.m2/repository/jakarta/persistence/jakarta.persistence-api/2.2.3/jakarta.persistence-api-2.2.3.jar:/Users/cesarbm13/.m2/repository/org/hibernate/hibernate-core/5.6.8.Final/hibernate-core-5.6.8.Final.jar:/Users/cesarbm13/.m2/repository/org/jboss/logging/jboss-logging/3.4.3.Final/jboss-logging-3.4.3.Final.jar:/Users/cesarbm13/.m2/repository/antlr/antlr/2.7.7/antlr-2.7.7.jar:/Users/cesarbm13/.m2/repository/org/jboss/jandex/2.4.2.Final/jandex-2.4.2.Final.jar:/Users/cesarbm13/.m2/repository/com/fasterxml/classmate/1.5.1/classmate-1.5.1.jar:/Users/cesarbm13/.m2/repository/org/hibernate/common/hibernate-commons-annotations/5.1.2.Final/hibernate-commons-annotations-5.1.2.Final.jar:/Users/cesarbm13/.m2/repository/org/glassfish/jaxb/jaxb-runtime/2.3.6/jaxb-runtime-2.3.6.jar:/Users/cesarbm13/.m2/repository/org/glassfish/jaxb/txw2/2.3.6/txw2-2.3.6.jar:/Users/cesarbm13/.m2/repository/com/sun/istack/istack-commons-runtime/3.0.12/istack-commons-runtime-3.0.12.jar:/Users/cesarbm13/.m2/repository/org/springframework/data/spring-data-jpa/2.6.4/spring-data-jpa-2.6.4.jar:/Users/cesarbm13/.m2/repository/org/springframework/data/spring-data-commons/2.6.4/spring-data-commons-2.6.4.jar:/Users/cesarbm13/.m2/repository/org/springframework/spring-orm/5.3.19/spring-orm-5.3.19.jar:/Users/cesarbm13/.m2/repository/org/springframework/spring-tx/5.3.19/spring-tx-5.3.19.jar:/Users/cesarbm13/.m2/repository/org/springframework/spring-aspects/5.3.19/spring-aspects-5.3.19.jar:/Users/cesarbm13/.m2/repository/com/oracle/database/jdbc/ojdbc8/21.3.0.0/ojdbc8-21.3.0.0.jar:/Users/cesarbm13/.m2/repository/net/sf/jasperreports/jasperreports/6.4.0/jasperreports-6.4.0.jar:/Users/cesarbm13/.m2/repository/commons-beanutils/commons-beanutils/1.9.0/commons-beanutils-1.9.0.jar:/Users/cesarbm13/.m2/repository/commons-collections/commons-collections/3.2.2/commons-collections-3.2.2.jar:/Users/cesarbm13/.m2/repository/commons-digester/commons-digester/2.1/commons-digester-2.1.jar:/Users/cesarbm13/.m2/repository/commons-logging/commons-logging/1.1.1/commons-logging-1.1.1.jar:/Users/cesarbm13/.m2/repository/com/lowagie/itext/2.1.7.js5/itext-2.1.7.js5.jar:/Users/cesarbm13/.m2/repository/bouncycastle/bcmail-jdk14/138/bcmail-jdk14-138.jar:/Users/cesarbm13/.m2/repository/bouncycastle/bcprov-jdk14/138/bcprov-jdk14-138.jar:/Users/cesarbm13/.m2/repository/org/bouncycastle/bctsp-jdk14/1.38/bctsp-jdk14-1.38.jar:/Users/cesarbm13/.m2/repository/org/bouncycastle/bcprov-jdk14/1.38/bcprov-jdk14-1.38.jar:/Users/cesarbm13/.m2/repository/org/bouncycastle/bcmail-jdk14/1.38/bcmail-jdk14-1.38.jar:/Users/cesarbm13/.m2/repository/org/jfree/jcommon/1.0.23/jcommon-1.0.23.jar:/Users/cesarbm13/.m2/repository/org/jfree/jfreechart/1.0.19/jfreechart-1.0.19.jar:/Users/cesarbm13/.m2/repository/org/eclipse/jdt/core/compiler/ecj/4.3.1/ecj-4.3.1.jar:/Users/cesarbm13/.m2/repository/org/codehaus/castor/castor-xml/1.3.3/castor-xml-1.3.3.jar:/Users/cesarbm13/.m2/repository/org/codehaus/castor/castor-core/1.3.3/castor-core-1.3.3.jar:/Users/cesarbm13/.m2/repository/commons-lang/commons-lang/2.6/commons-lang-2.6.jar:/Users/cesarbm13/.m2/repository/javax/inject/javax.inject/1/javax.inject-1.jar:/Users/cesarbm13/.m2/repository/stax/stax/1.2.0/stax-1.2.0.jar:/Users/cesarbm13/.m2/repository/stax/stax-api/1.0.1/stax-api-1.0.1.jar:/Users/cesarbm13/.m2/repository/javax/xml/stream/stax-api/1.0-2/stax-api-1.0-2.jar:/Users/cesarbm13/.m2/repository/com/fasterxml/jackson/core/jackson-core/2.13.2/jackson-core-2.13.2.jar:/Users/cesarbm13/.m2/repository/com/fasterxml/jackson/core/jackson-databind/2.13.2.1/jackson-databind-2.13.2.1.jar:/Users/cesarbm13/.m2/repository/com/fasterxml/jackson/core/jackson-annotations/2.13.2/jackson-annotations-2.13.2.jar:/Users/cesarbm13/.m2/repository/org/apache/lucene/lucene-core/4.5.1/lucene-core-4.5.1.jar:/Users/cesarbm13/.m2/repository/org/apache/lucene/lucene-analyzers-common/4.5.1/lucene-analyzers-common-4.5.1.jar:/Users/cesarbm13/.m2/repository/org/apache/lucene/lucene-queryparser/4.5.1/lucene-queryparser-4.5.1.jar:/Users/cesarbm13/.m2/repository/org/apache/lucene/lucene-queries/4.5.1/lucene-queries-4.5.1.jar:/Users/cesarbm13/.m2/repository/org/apache/lucene/lucene-sandbox/4.5.1/lucene-sandbox-4.5.1.jar:/Users/cesarbm13/.m2/repository/jakarta-regexp/jakarta-regexp/1.4/jakarta-regexp-1.4.jar:/Users/cesarbm13/.m2/repository/org/olap4j/olap4j/0.9.7.309-JS-3/olap4j-0.9.7.309-JS-3.jar:/Users/cesarbm13/.m2/repository/com/ibm/icu/icu4j/57.1/icu4j-57.1.jar:/Users/cesarbm13/.m2/repository/net/sf/jasperreports/jasperreports-fonts/6.0.0/jasperreports-fonts-6.0.0.jar:/Users/cesarbm13/.m2/repository/com/sun/faces/jsf-api/2.2.13/jsf-api-2.2.13.jar:/Users/cesarbm13/.m2/repository/org/springframework/boot/spring-boot-starter-mail/2.5.6/spring-boot-starter-mail-2.5.6.jar:/Users/cesarbm13/.m2/repository/org/springframework/spring-context-support/5.3.19/spring-context-support-5.3.19.jar:/Users/cesarbm13/.m2/repository/com/sun/mail/jakarta.mail/1.6.7/jakarta.mail-1.6.7.jar:/Users/cesarbm13/.m2/repository/com/sun/activation/jakarta.activation/1.2.2/jakarta.activation-1.2.2.jar:/Users/cesarbm13/.m2/repository/org/apache/poi/poi-ooxml/3.10.1/poi-ooxml-3.10.1.jar:/Users/cesarbm13/.m2/repository/org/apache/poi/poi/3.10.1/poi-3.10.1.jar:/Users/cesarbm13/.m2/repository/commons-codec/commons-codec/1.15/commons-codec-1.15.jar:/Users/cesarbm13/.m2/repository/org/apache/poi/poi-ooxml-schemas/3.10.1/poi-ooxml-schemas-3.10.1.jar:/Users/cesarbm13/.m2/repository/org/apache/xmlbeans/xmlbeans/2.6.0/xmlbeans-2.6.0.jar:/Users/cesarbm13/.m2/repository/dom4j/dom4j/1.6.1/dom4j-1.6.1.jar:/Users/cesarbm13/.m2/repository/xml-apis/xml-apis/1.0.b2/xml-apis-1.0.b2.jar:/Users/cesarbm13/.m2/repository/com/jcraft/jsch/0.1.53/jsch-0.1.53.jar:/Users/cesarbm13/.m2/repository/ca/juliusdavies/not-yet-commons-ssl/0.3.11/not-yet-commons-ssl-0.3.11.jar:/Users/cesarbm13/.m2/repository/com/sun/xml/bind/jaxb-impl/2.2.11/jaxb-impl-2.2.11.jar:/Users/cesarbm13/.m2/repository/com/sun/xml/bind/jaxb-core/2.2.11/jaxb-core-2.2.11.jar:/Users/cesarbm13/.m2/repository/org/json/json/20180813/json-20180813.jar:/Users/cesarbm13/.m2/repository/org/springframework/boot/spring-boot-starter-validation/2.6.7/spring-boot-starter-validation-2.6.7.jar:/Users/cesarbm13/.m2/repository/org/apache/tomcat/embed/tomcat-embed-el/9.0.62/tomcat-embed-el-9.0.62.jar:/Users/cesarbm13/.m2/repository/org/hibernate/validator/hibernate-validator/6.2.3.Final/hibernate-validator-6.2.3.Final.jar:/Users/cesarbm13/.m2/repository/jakarta/validation/jakarta.validation-api/2.0.2/jakarta.validation-api-2.0.2.jar:/Users/cesarbm13/.m2/repository/com/microsoft/graph/microsoft-graph/1.6.0/microsoft-graph-1.6.0.jar:/Users/cesarbm13/.m2/repository/com/google/code/gson/gson/2.8.9/gson-2.8.9.jar:/Users/cesarbm13/.m2/repository/com/sun/jersey/jersey-server/1.19.4/jersey-server-1.19.4.jar:/Users/cesarbm13/.m2/repository/com/sun/jersey/jersey-core/1.19.4/jersey-core-1.19.4.jar:/Users/cesarbm13/.m2/repository/javax/ws/rs/jsr311-api/1.1.1/jsr311-api-1.1.1.jar:/Users/cesarbm13/.m2/repository/com/microsoft/graph/microsoft-graph-core/1.0.0/microsoft-graph-core-1.0.0.jar:/Users/cesarbm13/.m2/repository/com/googlecode/json-simple/json-simple/1.1/json-simple-1.1.jar:/Users/cesarbm13/.m2/repository/com/squareup/okhttp3/okhttp/3.14.9/okhttp-3.14.9.jar:/Users/cesarbm13/.m2/repository/com/squareup/okio/okio/1.17.2/okio-1.17.2.jar:/Users/cesarbm13/.m2/repository/org/apache/commons/commons-math3/3.6.1/commons-math3-3.6.1.jar:/Users/cesarbm13/.m2/repository/com/google/guava/guava/20.0/guava-20.0.jar:/Users/cesarbm13/.m2/repository/org/apache/oltu/oauth2/org.apache.oltu.oauth2.client/1.0.2/org.apache.oltu.oauth2.client-1.0.2.jar:/Users/cesarbm13/.m2/repository/org/apache/oltu/oauth2/org.apache.oltu.oauth2.common/1.0.2/org.apache.oltu.oauth2.common-1.0.2.jar:/Users/cesarbm13/.m2/repository/org/slf4j/slf4j-api/1.7.36/slf4j-api-1.7.36.jar:/Users/cesarbm13/.m2/repository/com/microsoft/azure/msal4j/1.6.1/msal4j-1.6.1.jar:/Users/cesarbm13/.m2/repository/com/nimbusds/oauth2-oidc-sdk/7.4/oauth2-oidc-sdk-7.4.jar:/Users/cesarbm13/.m2/repository/com/github/stephenc/jcip/jcip-annotations/1.0-1/jcip-annotations-1.0-1.jar:/Users/cesarbm13/.m2/repository/com/nimbusds/content-type/2.0/content-type-2.0.jar:/Users/cesarbm13/.m2/repository/com/nimbusds/lang-tag/1.4.4/lang-tag-1.4.4.jar:/Users/cesarbm13/.m2/repository/com/nimbusds/nimbus-jose-jwt/8.14.1/nimbus-jose-jwt-8.14.1.jar:/Users/cesarbm13/.m2/repository/com/sun/mail/javax.mail/1.6.1/javax.mail-1.6.1.jar:/Users/cesarbm13/.m2/repository/javax/activation/activation/1.1/activation-1.1.jar:/Users/cesarbm13/.m2/repository/com/google/api-client/google-api-client/1.20.0/google-api-client-1.20.0.jar:/Users/cesarbm13/.m2/repository/com/google/oauth-client/google-oauth-client/1.20.0/google-oauth-client-1.20.0.jar:/Users/cesarbm13/.m2/repository/com/google/http-client/google-http-client/1.20.0/google-http-client-1.20.0.jar:/Users/cesarbm13/.m2/repository/org/apache/httpcomponents/httpclient/4.5.13/httpclient-4.5.13.jar:/Users/cesarbm13/.m2/repository/org/apache/httpcomponents/httpcore/4.4.15/httpcore-4.4.15.jar:/Users/cesarbm13/.m2/repository/com/google/code/findbugs/jsr305/1.3.9/jsr305-1.3.9.jar:/Users/cesarbm13/.m2/repository/com/google/http-client/google-http-client-jackson2/1.20.0/google-http-client-jackson2-1.20.0.jar:/Users/cesarbm13/.m2/repository/com/google/guava/guava-jdk5/13.0/guava-jdk5-13.0.jar:/Users/cesarbm13/.m2/repository/com/google/oauth-client/google-oauth-client-jetty/1.20.0/google-oauth-client-jetty-1.20.0.jar:/Users/cesarbm13/.m2/repository/com/google/oauth-client/google-oauth-client-java6/1.20.0/google-oauth-client-java6-1.20.0.jar:/Users/cesarbm13/.m2/repository/org/mortbay/jetty/jetty/6.1.26/jetty-6.1.26.jar:/Users/cesarbm13/.m2/repository/org/mortbay/jetty/jetty-util/6.1.26/jetty-util-6.1.26.jar:/Users/cesarbm13/.m2/repository/org/mortbay/jetty/servlet-api/2.5-20081211/servlet-api-2.5-20081211.jar:/Users/cesarbm13/.m2/repository/com/google/apis/google-api-services-admin-directory/directory_v1-rev53-1.20.0/google-api-services-admin-directory-directory_v1-rev53-1.20.0.jar:/Users/cesarbm13/.m2/repository/commons-discovery/commons-discovery/0.4/commons-discovery-0.4.jar:/Users/cesarbm13/.m2/repository/com/google/zxing/core/3.3.3/core-3.3.3.jar:/Users/cesarbm13/.m2/repository/com/google/zxing/javase/3.3.3/javase-3.3.3.jar:/Users/cesarbm13/.m2/repository/com/beust/jcommander/1.72/jcommander-1.72.jar:/Users/cesarbm13/.m2/repository/com/github/jai-imageio/jai-imageio-core/1.4.0/jai-imageio-core-1.4.0.jar:/Users/cesarbm13/.m2/repository/commons-io/commons-io/2.11.0/commons-io-2.11.0.jar:/Users/cesarbm13/.m2/repository/org/springframework/ws/spring-ws-core/2.4.2.RELEASE/spring-ws-core-2.4.2.RELEASE.jar:/Users/cesarbm13/.m2/repository/org/springframework/ws/spring-xml/3.1.3/spring-xml-3.1.3.jar:/Users/cesarbm13/.m2/repository/org/springframework/spring-aop/5.3.19/spring-aop-5.3.19.jar:/Users/cesarbm13/.m2/repository/org/springframework/spring-beans/5.3.19/spring-beans-5.3.19.jar:/Users/cesarbm13/.m2/repository/org/springframework/spring-oxm/5.3.19/spring-oxm-5.3.19.jar:/Users/cesarbm13/.m2/repository/org/springframework/boot/spring-boot-starter-security/2.6.7/spring-boot-starter-security-2.6.7.jar:/Users/cesarbm13/.m2/repository/org/springframework/security/spring-security-config/5.6.3/spring-security-config-5.6.3.jar:/Users/cesarbm13/.m2/repository/org/springframework/security/spring-security-core/5.6.3/spring-security-core-5.6.3.jar:/Users/cesarbm13/.m2/repository/org/springframework/security/spring-security-crypto/5.6.3/spring-security-crypto-5.6.3.jar:/Users/cesarbm13/.m2/repository/org/springframework/security/spring-security-web/5.6.3/spring-security-web-5.6.3.jar:/Users/cesarbm13/.m2/repository/io/jsonwebtoken/jjwt/0.9.1/jjwt-0.9.1.jar:/Users/cesarbm13/.m2/repository/javax/servlet/javax.servlet-api/3.1.0/javax.servlet-api-3.1.0.jar:/Users/cesarbm13/.m2/repository/org/nibor/autolink/autolink/0.9.0/autolink-0.9.0.jar:"/>
    <property name="java.vm.vendor" value="Oracle Corporation"/>
    <property name="sun.arch.data.model" value="64"/>
    <property name="java.vendor.url" value="https://java.oracle.com/"/>
    <property name="os.name" value="Mac OS X"/>
    <property name="java.vm.specification.version" value="16"/>
    <property name="sun.java.launcher" value="SUN_STANDARD"/>
    <property name="user.country" value="MX"/>
    <property name="sun.boot.library.path" value="/Applications/Eclipse.app/Contents/Eclipse/plugins/org.eclipse.justj.openjdk.hotspot.jre.full.macosx.x86_64_16.0.1.v20210528-1205/jre/lib"/>
    <property name="sun.java.command" value="/Users/cesarbm13/Documents/siia-back-base/target/surefire/surefirebooter3283373269878280043.jar /Users/cesarbm13/Documents/siia-back-base/target/surefire 2025-01-30T17-09-34_633-jvmRun1 surefire8012464511150740906tmp surefire_017458579467048086611tmp"/>
    <property name="http.nonProxyHosts" value="local|*.local|169.254/16|*.169.254/16"/>
    <property name="jdk.debug" value="release"/>
    <property name="surefire.test.class.path" value="/Users/cesarbm13/Documents/siia-back-base/target/test-classes:/Users/cesarbm13/Documents/siia-back-base/target/classes:/Users/cesarbm13/.m2/repository/org/springframework/boot/spring-boot-starter/2.6.7/spring-boot-starter-2.6.7.jar:/Users/cesarbm13/.m2/repository/org/springframework/boot/spring-boot/2.6.7/spring-boot-2.6.7.jar:/Users/cesarbm13/.m2/repository/org/springframework/spring-context/5.3.19/spring-context-5.3.19.jar:/Users/cesarbm13/.m2/repository/org/springframework/boot/spring-boot-autoconfigure/2.6.7/spring-boot-autoconfigure-2.6.7.jar:/Users/cesarbm13/.m2/repository/org/springframework/boot/spring-boot-starter-logging/2.6.7/spring-boot-starter-logging-2.6.7.jar:/Users/cesarbm13/.m2/repository/ch/qos/logback/logback-classic/1.2.11/logback-classic-1.2.11.jar:/Users/cesarbm13/.m2/repository/ch/qos/logback/logback-core/1.2.11/logback-core-1.2.11.jar:/Users/cesarbm13/.m2/repository/org/apache/logging/log4j/log4j-to-slf4j/2.17.2/log4j-to-slf4j-2.17.2.jar:/Users/cesarbm13/.m2/repository/org/apache/logging/log4j/log4j-api/2.17.2/log4j-api-2.17.2.jar:/Users/cesarbm13/.m2/repository/org/slf4j/jul-to-slf4j/1.7.36/jul-to-slf4j-1.7.36.jar:/Users/cesarbm13/.m2/repository/jakarta/annotation/jakarta.annotation-api/1.3.5/jakarta.annotation-api-1.3.5.jar:/Users/cesarbm13/.m2/repository/org/springframework/spring-core/5.3.19/spring-core-5.3.19.jar:/Users/cesarbm13/.m2/repository/org/springframework/spring-jcl/5.3.19/spring-jcl-5.3.19.jar:/Users/cesarbm13/.m2/repository/org/yaml/snakeyaml/1.29/snakeyaml-1.29.jar:/Users/cesarbm13/.m2/repository/org/springframework/boot/spring-boot-starter-test/2.6.7/spring-boot-starter-test-2.6.7.jar:/Users/cesarbm13/.m2/repository/org/springframework/boot/spring-boot-test/2.6.7/spring-boot-test-2.6.7.jar:/Users/cesarbm13/.m2/repository/org/springframework/boot/spring-boot-test-autoconfigure/2.6.7/spring-boot-test-autoconfigure-2.6.7.jar:/Users/cesarbm13/.m2/repository/com/jayway/jsonpath/json-path/2.6.0/json-path-2.6.0.jar:/Users/cesarbm13/.m2/repository/net/minidev/json-smart/2.4.8/json-smart-2.4.8.jar:/Users/cesarbm13/.m2/repository/net/minidev/accessors-smart/2.4.8/accessors-smart-2.4.8.jar:/Users/cesarbm13/.m2/repository/org/ow2/asm/asm/9.1/asm-9.1.jar:/Users/cesarbm13/.m2/repository/jakarta/xml/bind/jakarta.xml.bind-api/2.3.3/jakarta.xml.bind-api-2.3.3.jar:/Users/cesarbm13/.m2/repository/jakarta/activation/jakarta.activation-api/1.2.2/jakarta.activation-api-1.2.2.jar:/Users/cesarbm13/.m2/repository/org/assertj/assertj-core/3.21.0/assertj-core-3.21.0.jar:/Users/cesarbm13/.m2/repository/org/hamcrest/hamcrest/2.2/hamcrest-2.2.jar:/Users/cesarbm13/.m2/repository/org/junit/jupiter/junit-jupiter/5.8.2/junit-jupiter-5.8.2.jar:/Users/cesarbm13/.m2/repository/org/junit/jupiter/junit-jupiter-api/5.8.2/junit-jupiter-api-5.8.2.jar:/Users/cesarbm13/.m2/repository/org/opentest4j/opentest4j/1.2.0/opentest4j-1.2.0.jar:/Users/cesarbm13/.m2/repository/org/junit/platform/junit-platform-commons/1.8.2/junit-platform-commons-1.8.2.jar:/Users/cesarbm13/.m2/repository/org/apiguardian/apiguardian-api/1.1.2/apiguardian-api-1.1.2.jar:/Users/cesarbm13/.m2/repository/org/junit/jupiter/junit-jupiter-params/5.8.2/junit-jupiter-params-5.8.2.jar:/Users/cesarbm13/.m2/repository/org/junit/jupiter/junit-jupiter-engine/5.8.2/junit-jupiter-engine-5.8.2.jar:/Users/cesarbm13/.m2/repository/org/junit/platform/junit-platform-engine/1.8.2/junit-platform-engine-1.8.2.jar:/Users/cesarbm13/.m2/repository/org/mockito/mockito-core/4.0.0/mockito-core-4.0.0.jar:/Users/cesarbm13/.m2/repository/net/bytebuddy/byte-buddy/1.11.22/byte-buddy-1.11.22.jar:/Users/cesarbm13/.m2/repository/net/bytebuddy/byte-buddy-agent/1.11.22/byte-buddy-agent-1.11.22.jar:/Users/cesarbm13/.m2/repository/org/objenesis/objenesis/3.2/objenesis-3.2.jar:/Users/cesarbm13/.m2/repository/org/mockito/mockito-junit-jupiter/4.0.0/mockito-junit-jupiter-4.0.0.jar:/Users/cesarbm13/.m2/repository/org/skyscreamer/jsonassert/1.5.0/jsonassert-1.5.0.jar:/Users/cesarbm13/.m2/repository/com/vaadin/external/google/android-json/0.0.20131108.vaadin1/android-json-0.0.20131108.vaadin1.jar:/Users/cesarbm13/.m2/repository/org/springframework/spring-test/5.3.19/spring-test-5.3.19.jar:/Users/cesarbm13/.m2/repository/org/xmlunit/xmlunit-core/2.8.4/xmlunit-core-2.8.4.jar:/Users/cesarbm13/.m2/repository/org/springframework/boot/spring-boot-starter-web/2.6.7/spring-boot-starter-web-2.6.7.jar:/Users/cesarbm13/.m2/repository/org/springframework/boot/spring-boot-starter-json/2.6.7/spring-boot-starter-json-2.6.7.jar:/Users/cesarbm13/.m2/repository/com/fasterxml/jackson/datatype/jackson-datatype-jdk8/2.13.2/jackson-datatype-jdk8-2.13.2.jar:/Users/cesarbm13/.m2/repository/com/fasterxml/jackson/datatype/jackson-datatype-jsr310/2.13.2/jackson-datatype-jsr310-2.13.2.jar:/Users/cesarbm13/.m2/repository/com/fasterxml/jackson/module/jackson-module-parameter-names/2.13.2/jackson-module-parameter-names-2.13.2.jar:/Users/cesarbm13/.m2/repository/org/springframework/boot/spring-boot-starter-tomcat/2.6.7/spring-boot-starter-tomcat-2.6.7.jar:/Users/cesarbm13/.m2/repository/org/apache/tomcat/embed/tomcat-embed-core/9.0.62/tomcat-embed-core-9.0.62.jar:/Users/cesarbm13/.m2/repository/org/springframework/spring-web/5.3.19/spring-web-5.3.19.jar:/Users/cesarbm13/.m2/repository/org/springframework/spring-webmvc/5.3.19/spring-webmvc-5.3.19.jar:/Users/cesarbm13/.m2/repository/org/springframework/spring-expression/5.3.19/spring-expression-5.3.19.jar:/Users/cesarbm13/.m2/repository/org/springframework/boot/spring-boot-starter-data-jpa/2.6.7/spring-boot-starter-data-jpa-2.6.7.jar:/Users/cesarbm13/.m2/repository/org/springframework/boot/spring-boot-starter-aop/2.6.7/spring-boot-starter-aop-2.6.7.jar:/Users/cesarbm13/.m2/repository/org/aspectj/aspectjweaver/1.9.7/aspectjweaver-1.9.7.jar:/Users/cesarbm13/.m2/repository/org/springframework/boot/spring-boot-starter-jdbc/2.6.7/spring-boot-starter-jdbc-2.6.7.jar:/Users/cesarbm13/.m2/repository/com/zaxxer/HikariCP/4.0.3/HikariCP-4.0.3.jar:/Users/cesarbm13/.m2/repository/org/springframework/spring-jdbc/5.3.19/spring-jdbc-5.3.19.jar:/Users/cesarbm13/.m2/repository/jakarta/transaction/jakarta.transaction-api/1.3.3/jakarta.transaction-api-1.3.3.jar:/Users/cesarbm13/.m2/repository/jakarta/persistence/jakarta.persistence-api/2.2.3/jakarta.persistence-api-2.2.3.jar:/Users/cesarbm13/.m2/repository/org/hibernate/hibernate-core/5.6.8.Final/hibernate-core-5.6.8.Final.jar:/Users/cesarbm13/.m2/repository/org/jboss/logging/jboss-logging/3.4.3.Final/jboss-logging-3.4.3.Final.jar:/Users/cesarbm13/.m2/repository/antlr/antlr/2.7.7/antlr-2.7.7.jar:/Users/cesarbm13/.m2/repository/org/jboss/jandex/2.4.2.Final/jandex-2.4.2.Final.jar:/Users/cesarbm13/.m2/repository/com/fasterxml/classmate/1.5.1/classmate-1.5.1.jar:/Users/cesarbm13/.m2/repository/org/hibernate/common/hibernate-commons-annotations/5.1.2.Final/hibernate-commons-annotations-5.1.2.Final.jar:/Users/cesarbm13/.m2/repository/org/glassfish/jaxb/jaxb-runtime/2.3.6/jaxb-runtime-2.3.6.jar:/Users/cesarbm13/.m2/repository/org/glassfish/jaxb/txw2/2.3.6/txw2-2.3.6.jar:/Users/cesarbm13/.m2/repository/com/sun/istack/istack-commons-runtime/3.0.12/istack-commons-runtime-3.0.12.jar:/Users/cesarbm13/.m2/repository/org/springframework/data/spring-data-jpa/2.6.4/spring-data-jpa-2.6.4.jar:/Users/cesarbm13/.m2/repository/org/springframework/data/spring-data-commons/2.6.4/spring-data-commons-2.6.4.jar:/Users/cesarbm13/.m2/repository/org/springframework/spring-orm/5.3.19/spring-orm-5.3.19.jar:/Users/cesarbm13/.m2/repository/org/springframework/spring-tx/5.3.19/spring-tx-5.3.19.jar:/Users/cesarbm13/.m2/repository/org/springframework/spring-aspects/5.3.19/spring-aspects-5.3.19.jar:/Users/cesarbm13/.m2/repository/com/oracle/database/jdbc/ojdbc8/21.3.0.0/ojdbc8-21.3.0.0.jar:/Users/cesarbm13/.m2/repository/net/sf/jasperreports/jasperreports/6.4.0/jasperreports-6.4.0.jar:/Users/cesarbm13/.m2/repository/commons-beanutils/commons-beanutils/1.9.0/commons-beanutils-1.9.0.jar:/Users/cesarbm13/.m2/repository/commons-collections/commons-collections/3.2.2/commons-collections-3.2.2.jar:/Users/cesarbm13/.m2/repository/commons-digester/commons-digester/2.1/commons-digester-2.1.jar:/Users/cesarbm13/.m2/repository/commons-logging/commons-logging/1.1.1/commons-logging-1.1.1.jar:/Users/cesarbm13/.m2/repository/com/lowagie/itext/2.1.7.js5/itext-2.1.7.js5.jar:/Users/cesarbm13/.m2/repository/bouncycastle/bcmail-jdk14/138/bcmail-jdk14-138.jar:/Users/cesarbm13/.m2/repository/bouncycastle/bcprov-jdk14/138/bcprov-jdk14-138.jar:/Users/cesarbm13/.m2/repository/org/bouncycastle/bctsp-jdk14/1.38/bctsp-jdk14-1.38.jar:/Users/cesarbm13/.m2/repository/org/bouncycastle/bcprov-jdk14/1.38/bcprov-jdk14-1.38.jar:/Users/cesarbm13/.m2/repository/org/bouncycastle/bcmail-jdk14/1.38/bcmail-jdk14-1.38.jar:/Users/cesarbm13/.m2/repository/org/jfree/jcommon/1.0.23/jcommon-1.0.23.jar:/Users/cesarbm13/.m2/repository/org/jfree/jfreechart/1.0.19/jfreechart-1.0.19.jar:/Users/cesarbm13/.m2/repository/org/eclipse/jdt/core/compiler/ecj/4.3.1/ecj-4.3.1.jar:/Users/cesarbm13/.m2/repository/org/codehaus/castor/castor-xml/1.3.3/castor-xml-1.3.3.jar:/Users/cesarbm13/.m2/repository/org/codehaus/castor/castor-core/1.3.3/castor-core-1.3.3.jar:/Users/cesarbm13/.m2/repository/commons-lang/commons-lang/2.6/commons-lang-2.6.jar:/Users/cesarbm13/.m2/repository/javax/inject/javax.inject/1/javax.inject-1.jar:/Users/cesarbm13/.m2/repository/stax/stax/1.2.0/stax-1.2.0.jar:/Users/cesarbm13/.m2/repository/stax/stax-api/1.0.1/stax-api-1.0.1.jar:/Users/cesarbm13/.m2/repository/javax/xml/stream/stax-api/1.0-2/stax-api-1.0-2.jar:/Users/cesarbm13/.m2/repository/com/fasterxml/jackson/core/jackson-core/2.13.2/jackson-core-2.13.2.jar:/Users/cesarbm13/.m2/repository/com/fasterxml/jackson/core/jackson-databind/2.13.2.1/jackson-databind-2.13.2.1.jar:/Users/cesarbm13/.m2/repository/com/fasterxml/jackson/core/jackson-annotations/2.13.2/jackson-annotations-2.13.2.jar:/Users/cesarbm13/.m2/repository/org/apache/lucene/lucene-core/4.5.1/lucene-core-4.5.1.jar:/Users/cesarbm13/.m2/repository/org/apache/lucene/lucene-analyzers-common/4.5.1/lucene-analyzers-common-4.5.1.jar:/Users/cesarbm13/.m2/repository/org/apache/lucene/lucene-queryparser/4.5.1/lucene-queryparser-4.5.1.jar:/Users/cesarbm13/.m2/repository/org/apache/lucene/lucene-queries/4.5.1/lucene-queries-4.5.1.jar:/Users/cesarbm13/.m2/repository/org/apache/lucene/lucene-sandbox/4.5.1/lucene-sandbox-4.5.1.jar:/Users/cesarbm13/.m2/repository/jakarta-regexp/jakarta-regexp/1.4/jakarta-regexp-1.4.jar:/Users/cesarbm13/.m2/repository/org/olap4j/olap4j/0.9.7.309-JS-3/olap4j-0.9.7.309-JS-3.jar:/Users/cesarbm13/.m2/repository/com/ibm/icu/icu4j/57.1/icu4j-57.1.jar:/Users/cesarbm13/.m2/repository/net/sf/jasperreports/jasperreports-fonts/6.0.0/jasperreports-fonts-6.0.0.jar:/Users/cesarbm13/.m2/repository/com/sun/faces/jsf-api/2.2.13/jsf-api-2.2.13.jar:/Users/cesarbm13/.m2/repository/org/springframework/boot/spring-boot-starter-mail/2.5.6/spring-boot-starter-mail-2.5.6.jar:/Users/cesarbm13/.m2/repository/org/springframework/spring-context-support/5.3.19/spring-context-support-5.3.19.jar:/Users/cesarbm13/.m2/repository/com/sun/mail/jakarta.mail/1.6.7/jakarta.mail-1.6.7.jar:/Users/cesarbm13/.m2/repository/com/sun/activation/jakarta.activation/1.2.2/jakarta.activation-1.2.2.jar:/Users/cesarbm13/.m2/repository/org/apache/poi/poi-ooxml/3.10.1/poi-ooxml-3.10.1.jar:/Users/cesarbm13/.m2/repository/org/apache/poi/poi/3.10.1/poi-3.10.1.jar:/Users/cesarbm13/.m2/repository/commons-codec/commons-codec/1.15/commons-codec-1.15.jar:/Users/cesarbm13/.m2/repository/org/apache/poi/poi-ooxml-schemas/3.10.1/poi-ooxml-schemas-3.10.1.jar:/Users/cesarbm13/.m2/repository/org/apache/xmlbeans/xmlbeans/2.6.0/xmlbeans-2.6.0.jar:/Users/cesarbm13/.m2/repository/dom4j/dom4j/1.6.1/dom4j-1.6.1.jar:/Users/cesarbm13/.m2/repository/xml-apis/xml-apis/1.0.b2/xml-apis-1.0.b2.jar:/Users/cesarbm13/.m2/repository/com/jcraft/jsch/0.1.53/jsch-0.1.53.jar:/Users/cesarbm13/.m2/repository/ca/juliusdavies/not-yet-commons-ssl/0.3.11/not-yet-commons-ssl-0.3.11.jar:/Users/cesarbm13/.m2/repository/com/sun/xml/bind/jaxb-impl/2.2.11/jaxb-impl-2.2.11.jar:/Users/cesarbm13/.m2/repository/com/sun/xml/bind/jaxb-core/2.2.11/jaxb-core-2.2.11.jar:/Users/cesarbm13/.m2/repository/org/json/json/20180813/json-20180813.jar:/Users/cesarbm13/.m2/repository/org/springframework/boot/spring-boot-starter-validation/2.6.7/spring-boot-starter-validation-2.6.7.jar:/Users/cesarbm13/.m2/repository/org/apache/tomcat/embed/tomcat-embed-el/9.0.62/tomcat-embed-el-9.0.62.jar:/Users/cesarbm13/.m2/repository/org/hibernate/validator/hibernate-validator/6.2.3.Final/hibernate-validator-6.2.3.Final.jar:/Users/cesarbm13/.m2/repository/jakarta/validation/jakarta.validation-api/2.0.2/jakarta.validation-api-2.0.2.jar:/Users/cesarbm13/.m2/repository/com/microsoft/graph/microsoft-graph/1.6.0/microsoft-graph-1.6.0.jar:/Users/cesarbm13/.m2/repository/com/google/code/gson/gson/2.8.9/gson-2.8.9.jar:/Users/cesarbm13/.m2/repository/com/sun/jersey/jersey-server/1.19.4/jersey-server-1.19.4.jar:/Users/cesarbm13/.m2/repository/com/sun/jersey/jersey-core/1.19.4/jersey-core-1.19.4.jar:/Users/cesarbm13/.m2/repository/javax/ws/rs/jsr311-api/1.1.1/jsr311-api-1.1.1.jar:/Users/cesarbm13/.m2/repository/com/microsoft/graph/microsoft-graph-core/1.0.0/microsoft-graph-core-1.0.0.jar:/Users/cesarbm13/.m2/repository/com/googlecode/json-simple/json-simple/1.1/json-simple-1.1.jar:/Users/cesarbm13/.m2/repository/com/squareup/okhttp3/okhttp/3.14.9/okhttp-3.14.9.jar:/Users/cesarbm13/.m2/repository/com/squareup/okio/okio/1.17.2/okio-1.17.2.jar:/Users/cesarbm13/.m2/repository/org/apache/commons/commons-math3/3.6.1/commons-math3-3.6.1.jar:/Users/cesarbm13/.m2/repository/com/google/guava/guava/20.0/guava-20.0.jar:/Users/cesarbm13/.m2/repository/org/apache/oltu/oauth2/org.apache.oltu.oauth2.client/1.0.2/org.apache.oltu.oauth2.client-1.0.2.jar:/Users/cesarbm13/.m2/repository/org/apache/oltu/oauth2/org.apache.oltu.oauth2.common/1.0.2/org.apache.oltu.oauth2.common-1.0.2.jar:/Users/cesarbm13/.m2/repository/org/slf4j/slf4j-api/1.7.36/slf4j-api-1.7.36.jar:/Users/cesarbm13/.m2/repository/com/microsoft/azure/msal4j/1.6.1/msal4j-1.6.1.jar:/Users/cesarbm13/.m2/repository/com/nimbusds/oauth2-oidc-sdk/7.4/oauth2-oidc-sdk-7.4.jar:/Users/cesarbm13/.m2/repository/com/github/stephenc/jcip/jcip-annotations/1.0-1/jcip-annotations-1.0-1.jar:/Users/cesarbm13/.m2/repository/com/nimbusds/content-type/2.0/content-type-2.0.jar:/Users/cesarbm13/.m2/repository/com/nimbusds/lang-tag/1.4.4/lang-tag-1.4.4.jar:/Users/cesarbm13/.m2/repository/com/nimbusds/nimbus-jose-jwt/8.14.1/nimbus-jose-jwt-8.14.1.jar:/Users/cesarbm13/.m2/repository/com/sun/mail/javax.mail/1.6.1/javax.mail-1.6.1.jar:/Users/cesarbm13/.m2/repository/javax/activation/activation/1.1/activation-1.1.jar:/Users/cesarbm13/.m2/repository/com/google/api-client/google-api-client/1.20.0/google-api-client-1.20.0.jar:/Users/cesarbm13/.m2/repository/com/google/oauth-client/google-oauth-client/1.20.0/google-oauth-client-1.20.0.jar:/Users/cesarbm13/.m2/repository/com/google/http-client/google-http-client/1.20.0/google-http-client-1.20.0.jar:/Users/cesarbm13/.m2/repository/org/apache/httpcomponents/httpclient/4.5.13/httpclient-4.5.13.jar:/Users/cesarbm13/.m2/repository/org/apache/httpcomponents/httpcore/4.4.15/httpcore-4.4.15.jar:/Users/cesarbm13/.m2/repository/com/google/code/findbugs/jsr305/1.3.9/jsr305-1.3.9.jar:/Users/cesarbm13/.m2/repository/com/google/http-client/google-http-client-jackson2/1.20.0/google-http-client-jackson2-1.20.0.jar:/Users/cesarbm13/.m2/repository/com/google/guava/guava-jdk5/13.0/guava-jdk5-13.0.jar:/Users/cesarbm13/.m2/repository/com/google/oauth-client/google-oauth-client-jetty/1.20.0/google-oauth-client-jetty-1.20.0.jar:/Users/cesarbm13/.m2/repository/com/google/oauth-client/google-oauth-client-java6/1.20.0/google-oauth-client-java6-1.20.0.jar:/Users/cesarbm13/.m2/repository/org/mortbay/jetty/jetty/6.1.26/jetty-6.1.26.jar:/Users/cesarbm13/.m2/repository/org/mortbay/jetty/jetty-util/6.1.26/jetty-util-6.1.26.jar:/Users/cesarbm13/.m2/repository/org/mortbay/jetty/servlet-api/2.5-20081211/servlet-api-2.5-20081211.jar:/Users/cesarbm13/.m2/repository/com/google/apis/google-api-services-admin-directory/directory_v1-rev53-1.20.0/google-api-services-admin-directory-directory_v1-rev53-1.20.0.jar:/Users/cesarbm13/.m2/repository/commons-discovery/commons-discovery/0.4/commons-discovery-0.4.jar:/Users/cesarbm13/.m2/repository/com/google/zxing/core/3.3.3/core-3.3.3.jar:/Users/cesarbm13/.m2/repository/com/google/zxing/javase/3.3.3/javase-3.3.3.jar:/Users/cesarbm13/.m2/repository/com/beust/jcommander/1.72/jcommander-1.72.jar:/Users/cesarbm13/.m2/repository/com/github/jai-imageio/jai-imageio-core/1.4.0/jai-imageio-core-1.4.0.jar:/Users/cesarbm13/.m2/repository/commons-io/commons-io/2.11.0/commons-io-2.11.0.jar:/Users/cesarbm13/.m2/repository/org/springframework/ws/spring-ws-core/2.4.2.RELEASE/spring-ws-core-2.4.2.RELEASE.jar:/Users/cesarbm13/.m2/repository/org/springframework/ws/spring-xml/3.1.3/spring-xml-3.1.3.jar:/Users/cesarbm13/.m2/repository/org/springframework/spring-aop/5.3.19/spring-aop-5.3.19.jar:/Users/cesarbm13/.m2/repository/org/springframework/spring-beans/5.3.19/spring-beans-5.3.19.jar:/Users/cesarbm13/.m2/repository/org/springframework/spring-oxm/5.3.19/spring-oxm-5.3.19.jar:/Users/cesarbm13/.m2/repository/org/springframework/boot/spring-boot-starter-security/2.6.7/spring-boot-starter-security-2.6.7.jar:/Users/cesarbm13/.m2/repository/org/springframework/security/spring-security-config/5.6.3/spring-security-config-5.6.3.jar:/Users/cesarbm13/.m2/repository/org/springframework/security/spring-security-core/5.6.3/spring-security-core-5.6.3.jar:/Users/cesarbm13/.m2/repository/org/springframework/security/spring-security-crypto/5.6.3/spring-security-crypto-5.6.3.jar:/Users/cesarbm13/.m2/repository/org/springframework/security/spring-security-web/5.6.3/spring-security-web-5.6.3.jar:/Users/cesarbm13/.m2/repository/io/jsonwebtoken/jjwt/0.9.1/jjwt-0.9.1.jar:/Users/cesarbm13/.m2/repository/javax/servlet/javax.servlet-api/3.1.0/javax.servlet-api-3.1.0.jar:/Users/cesarbm13/.m2/repository/org/nibor/autolink/autolink/0.9.0/autolink-0.9.0.jar:"/>
    <property name="sun.cpu.endian" value="little"/>
    <property name="user.home" value="/Users/cesarbm13"/>
    <property name="user.language" value="es"/>
    <property name="java.specification.vendor" value="Oracle Corporation"/>
    <property name="java.version.date" value="2021-04-20"/>
    <property name="java.home" value="/Applications/Eclipse.app/Contents/Eclipse/plugins/org.eclipse.justj.openjdk.hotspot.jre.full.macosx.x86_64_16.0.1.v20210528-1205/jre"/>
    <property name="file.separator" value="/"/>
    <property name="basedir" value="/Users/cesarbm13/Documents/siia-back-base"/>
    <property name="java.vm.compressedOopsMode" value="Zero based"/>
    <property name="line.separator" value="&#10;"/>
    <property name="java.specification.name" value="Java Platform API Specification"/>
    <property name="java.vm.specification.vendor" value="Oracle Corporation"/>
    <property name="surefire.real.class.path" value="/Users/cesarbm13/Documents/siia-back-base/target/surefire/surefirebooter3283373269878280043.jar"/>
    <property name="sun.management.compiler" value="HotSpot 64-Bit Tiered Compilers"/>
    <property name="ftp.nonProxyHosts" value="local|*.local|169.254/16|*.169.254/16"/>
    <property name="java.runtime.version" value="16.0.1+9-24"/>
    <property name="user.name" value="cesarbm13"/>
    <property name="path.separator" value=":"/>
    <property name="os.version" value="11.5"/>
    <property name="java.runtime.name" value="OpenJDK Runtime Environment"/>
    <property name="file.encoding" value="UTF-8"/>
    <property name="java.vm.name" value="OpenJDK 64-Bit Server VM"/>
    <property name="localRepository" value="/Users/cesarbm13/.m2/repository"/>
    <property name="java.vendor.url.bug" value="https://bugreport.java.com/bugreport/"/>
    <property name="java.io.tmpdir" value="/var/folders/xw/5pb2l_gs1jg6qpxpdv8s8z480000gn/T/"/>
    <property name="java.version" value="16.0.1"/>
    <property name="user.dir" value="/Users/cesarbm13/Documents/siia-back-base"/>
    <property name="os.arch" value="x86_64"/>
    <property name="java.vm.specification.name" value="Java Virtual Machine Specification"/>
    <property name="java.library.path" value="/Users/cesarbm13/Library/Java/Extensions:/Library/Java/Extensions:/Network/Library/Java/Extensions:/System/Library/Java/Extensions:/usr/lib/java:."/>
    <property name="java.vm.info" value="mixed mode"/>
    <property name="java.vendor" value="Oracle Corporation"/>
    <property name="java.vm.version" value="16.0.1+9-24"/>
    <property name="sun.io.unicode.encoding" value="UnicodeBig"/>
    <property name="socksNonProxyHosts" value="local|*.local|169.254/16|*.169.254/16"/>
    <property name="java.class.version" value="60.0"/>
  </properties>
  <testcase name="contextLoads" classname="mx.uatx.siiaback.SiiaBackApplicationTests" time="0.295"/>
</testsuite>